# JRE version: OpenJDK Runtime Environment (17.0.10+7) (build 17.0.10+7)
# Java VM: OpenJDK 64-Bit Server VM (17.0.10+7, mixed mode, sharing, tiered, compressed oops, compressed class ptrs, g1 gc, linux-amd64)
GC Precious Log:
 CPUs: 16 total, 12 available
 Memory: 15408M
 Large Page Support: Disabled
 NUMA Support: Disabled
 Compressed Oops: Enabled (32-bit)
 Heap Region Size: 1M
 Heap Min Capacity: 8M
 Heap Initial Capacity: 242M
 Heap Max Capacity: 2G
 Pre-touch: Disabled
 Parallel Workers: 10
 Concurrent Workers: 3
 Concurrent Refinement Workers: 10
 Periodic GC: Disabled
Heap:
 garbage-first heap   total 113664K, used 80022K [0x0000000080000000, 0x0000000100000000)
  region size 1024K, 46 young (47104K), 4 survivors (4096K)
 Metaspace       used 46335K, committed 46912K, reserved 491520K
  class space    used 6641K, committed 6912K, reserved 425984K
GC Heap History (16 events):
Event: 0.371 GC heap before
{Heap before GC invocations=0 (full 0):
 garbage-first heap   total 249856K, used 27568K [0x0000000080000000, 0x0000000100000000)
  region size 1024K, 23 young (23552K), 0 survivors (0K)
 Metaspace       used 3148K, committed 3264K, reserved 491520K
  class space    used 406K, committed 448K, reserved 425984K
}
Event: 0.382 GC heap after
{Heap after GC invocations=1 (full 0):
 garbage-first heap   total 249856K, used 11014K [0x0000000080000000, 0x0000000100000000)
  region size 1024K, 3 young (3072K), 3 survivors (3072K)
 Metaspace       used 3148K, committed 3264K, reserved 491520K
  class space    used 406K, committed 448K, reserved 425984K
}
Event: 0.809 GC heap before
{Heap before GC invocations=1 (full 0):
 garbage-first heap   total 249856K, used 44806K [0x0000000080000000, 0x0000000100000000)
  region size 1024K, 35 young (35840K), 3 survivors (3072K)
 Metaspace       used 4564K, committed 4800K, reserved 491520K
  class space    used 602K, committed 704K, reserved 425984K
}
Event: 0.822 GC heap after
{Heap after GC invocations=2 (full 0):
 garbage-first heap   total 249856K, used 16277K [0x0000000080000000, 0x0000000100000000)
  region size 1024K, 5 young (5120K), 5 survivors (5120K)
 Metaspace       used 4564K, committed 4800K, reserved 491520K
  class space    used 602K, committed 704K, reserved 425984K
}
Event: 2.143 GC heap before
{Heap before GC invocations=2 (full 0):
 garbage-first heap   total 249856K, used 117653K [0x0000000080000000, 0x0000000100000000)
  region size 1024K, 105 young (107520K), 5 survivors (5120K)
 Metaspace       used 21208K, committed 21504K, reserved 491520K
  class space    used 3158K, committed 3328K, reserved 425984K
}
Event: 2.178 GC heap after
{Heap after GC invocations=3 (full 0):
 garbage-first heap   total 249856K, used 22820K [0x0000000080000000, 0x0000000100000000)
  region size 1024K, 12 young (12288K), 12 survivors (12288K)
 Metaspace       used 21208K, committed 21504K, reserved 491520K
  class space    used 3158K, committed 3328K, reserved 425984K
}
Event: 2.740 GC heap before
{Heap before GC invocations=4 (full 0):
 garbage-first heap   total 86016K, used 66852K [0x0000000080000000, 0x0000000100000000)
  region size 1024K, 57 young (58368K), 12 survivors (12288K)
 Metaspace       used 29427K, committed 29760K, reserved 491520K
  class space    used 4197K, committed 4352K, reserved 425984K
}
Event: 2.767 GC heap after
{Heap after GC invocations=5 (full 0):
 garbage-first heap   total 88064K, used 27426K [0x0000000080000000, 0x0000000100000000)
  region size 1024K, 12 young (12288K), 12 survivors (12288K)
 Metaspace       used 29427K, committed 29760K, reserved 491520K
  class space    used 4197K, committed 4352K, reserved 425984K
}
Event: 3.043 GC heap before
{Heap before GC invocations=5 (full 0):
 garbage-first heap   total 88064K, used 61218K [0x0000000080000000, 0x0000000100000000)
  region size 1024K, 45 young (46080K), 12 survivors (12288K)
 Metaspace       used 31746K, committed 32128K, reserved 491520K
  class space    used 4539K, committed 4736K, reserved 425984K
}
Event: 3.050 GC heap after
{Heap after GC invocations=6 (full 0):
 garbage-first heap   total 88064K, used 29949K [0x0000000080000000, 0x0000000100000000)
  region size 1024K, 4 young (4096K), 4 survivors (4096K)
 Metaspace       used 31746K, committed 32128K, reserved 491520K
  class space    used 4539K, committed 4736K, reserved 425984K
}
Event: 7.018 GC heap before
{Heap before GC invocations=6 (full 0):
 garbage-first heap   total 88064K, used 67837K [0x0000000080000000, 0x0000000100000000)
  region size 1024K, 37 young (37888K), 4 survivors (4096K)
 Metaspace       used 34194K, committed 34624K, reserved 491520K
  class space    used 4782K, committed 4992K, reserved 425984K
}
Event: 7.022 GC heap after
{Heap after GC invocations=7 (full 0):
 garbage-first heap   total 113664K, used 33457K [0x0000000080000000, 0x0000000100000000)
  region size 1024K, 4 young (4096K), 4 survivors (4096K)
 Metaspace       used 34194K, committed 34624K, reserved 491520K
  class space    used 4782K, committed 4992K, reserved 425984K
}
Event: 7.260 GC heap before
{Heap before GC invocations=7 (full 0):
 garbage-first heap   total 113664K, used 51889K [0x0000000080000000, 0x0000000100000000)
  region size 1024K, 23 young (23552K), 4 survivors (4096K)
 Metaspace       used 35566K, committed 35968K, reserved 491520K
  class space    used 4999K, committed 5184K, reserved 425984K
}
Event: 7.277 GC heap after
{Heap after GC invocations=8 (full 0):
 garbage-first heap   total 113664K, used 34691K [0x0000000080000000, 0x0000000100000000)
  region size 1024K, 5 young (5120K), 5 survivors (5120K)
 Metaspace       used 35566K, committed 35968K, reserved 491520K
  class space    used 4999K, committed 5184K, reserved 425984K
}
Event: 8.512 GC heap before
{Heap before GC invocations=9 (full 0):
 garbage-first heap   total 113664K, used 86915K [0x0000000080000000, 0x0000000100000000)
  region size 1024K, 56 young (57344K), 5 survivors (5120K)
 Metaspace       used 41167K, committed 41664K, reserved 491520K
  class space    used 5909K, committed 6144K, reserved 425984K
}
Event: 8.518 GC heap after
{Heap after GC invocations=10 (full 0):
 garbage-first heap   total 113664K, used 37014K [0x0000000080000000, 0x0000000100000000)
  region size 1024K, 4 young (4096K), 4 survivors (4096K)
 Metaspace       used 41167K, committed 41664K, reserved 491520K
  class space    used 5909K, committed 6144K, reserved 425984K
}

